<?xml version="1.0" encoding="UTF-8"?>
<!-- Generated by org.testng.reporters.JUnitReportReporter -->
<testsuite hostname="B230811" name="distractify.Precondition" tests="1" failures="0" timestamp="2 May 2014 14:03:30 GMT" time="49.380" errors="0">
  <testcase name="preconditionTest" time="49.380" classname="distractify.Precondition"/>
</testsuite> <!-- distractify.Precondition -->
