<?xml version="1.0" encoding="UTF-8"?>
<!-- Generated by org.testng.reporters.JUnitReportReporter -->
<testsuite hostname="B230811" name="distracify.WebdriverTest" tests="1" failures="0" timestamp="1 May 2014 11:11:26 GMT" time="79.463" errors="0">
  <testcase name="preconditionTest" time="79.463" classname="distracify.WebdriverTest"/>
</testsuite> <!-- distracify.WebdriverTest -->
