<?xml version="1.0" encoding="UTF-8"?>
<!-- Generated by org.testng.reporters.JUnitReportReporter -->
<testsuite hostname="B230811" name="distractify.Tests" tests="20" failures="0" timestamp="1 May 2014 13:38:31 GMT" time="10.728" errors="0">
  <testcase name="user12" time="0.470" classname="distractify.Tests"/>
  <testcase name="user20" time="0.425" classname="distractify.Tests"/>
  <testcase name="user11" time="0.535" classname="distractify.Tests"/>
  <testcase name="user5" time="0.458" classname="distractify.Tests"/>
  <testcase name="user18" time="0.468" classname="distractify.Tests"/>
  <testcase name="user14" time="0.467" classname="distractify.Tests"/>
  <testcase name="user15" time="0.540" classname="distractify.Tests"/>
  <testcase name="user4" time="1.500" classname="distractify.Tests"/>
  <testcase name="user2" time="0.462" classname="distractify.Tests"/>
  <testcase name="user19" time="0.478" classname="distractify.Tests"/>
  <testcase name="user16" time="0.461" classname="distractify.Tests"/>
  <testcase name="user6" time="0.472" classname="distractify.Tests"/>
  <testcase name="user17" time="0.530" classname="distractify.Tests"/>
  <testcase name="user10" time="0.540" classname="distractify.Tests"/>
  <testcase name="user13" time="0.438" classname="distractify.Tests"/>
  <testcase name="user1" time="0.548" classname="distractify.Tests"/>
  <testcase name="user8" time="0.543" classname="distractify.Tests"/>
  <testcase name="user7" time="0.397" classname="distractify.Tests"/>
  <testcase name="user3" time="0.533" classname="distractify.Tests"/>
  <testcase name="user9" time="0.463" classname="distractify.Tests"/>
</testsuite> <!-- distractify.Tests -->
