<?xml version="1.0" encoding="UTF-8"?>
<!-- Generated by org.testng.reporters.JUnitReportReporter -->
<testsuite hostname="B230811" name="distracify.ExampleJavaTestClass" tests="1" failures="0" timestamp="1 May 2014 11:11:26 GMT" time="0.081" errors="0">
  <testcase name="user1" time="0.081" classname="distracify.ExampleJavaTestClass"/>
</testsuite> <!-- distracify.ExampleJavaTestClass -->
